0 info it worked if it ends with ok
1 verbose cli [ 'c:\\Program Files\\nodejs\\node.exe',
1 verbose cli   'c:\\Program Files\\nodejs\\node_modules\\npm\\bin\\npm-cli.js',
1 verbose cli   'publish' ]
2 info using npm@1.4.28
3 info using node@v0.10.33
4 verbose publish [ '.' ]
5 verbose cache add [ '.', null ]
6 verbose cache add name=undefined spec="." args=[".",null]
7 verbose parsed url { protocol: null,
7 verbose parsed url   slashes: null,
7 verbose parsed url   auth: null,
7 verbose parsed url   host: null,
7 verbose parsed url   port: null,
7 verbose parsed url   hostname: null,
7 verbose parsed url   hash: null,
7 verbose parsed url   search: null,
7 verbose parsed url   query: null,
7 verbose parsed url   pathname: '.',
7 verbose parsed url   path: '.',
7 verbose parsed url   href: '.' }
8 silly lockFile 3a52ce78- .
9 verbose lock . C:\Users\yangl\AppData\Roaming\npm-cache\3a52ce78-.lock
10 verbose tar pack [ 'C:\\Users\\yangl\\AppData\\Roaming\\npm-cache\\flydb\\0.0.0\\package.tgz',
10 verbose tar pack   '.' ]
11 verbose tarball C:\Users\yangl\AppData\Roaming\npm-cache\flydb\0.0.0\package.tgz
12 verbose folder .
13 info prepublish flydb@0.0.0
14 silly lockFile 1f1177db-tar tar://.
15 verbose lock tar://. C:\Users\yangl\AppData\Roaming\npm-cache\1f1177db-tar.lock
16 silly lockFile 8a35b6c8-pm-cache-flydb-0-0-0-package-tgz tar://C:\Users\yangl\AppData\Roaming\npm-cache\flydb\0.0.0\package.tgz
17 verbose lock tar://C:\Users\yangl\AppData\Roaming\npm-cache\flydb\0.0.0\package.tgz C:\Users\yangl\AppData\Roaming\npm-cache\8a35b6c8-pm-cache-flydb-0-0-0-package-tgz.lock
18 silly lockFile 1f1177db-tar tar://.
19 silly lockFile 1f1177db-tar tar://.
20 silly lockFile 8a35b6c8-pm-cache-flydb-0-0-0-package-tgz tar://C:\Users\yangl\AppData\Roaming\npm-cache\flydb\0.0.0\package.tgz
21 silly lockFile 8a35b6c8-pm-cache-flydb-0-0-0-package-tgz tar://C:\Users\yangl\AppData\Roaming\npm-cache\flydb\0.0.0\package.tgz
22 silly lockFile 3b29e977-ng-npm-cache-flydb-0-0-0-package C:\Users\yangl\AppData\Roaming\npm-cache\flydb\0.0.0\package
23 verbose lock C:\Users\yangl\AppData\Roaming\npm-cache\flydb\0.0.0\package C:\Users\yangl\AppData\Roaming\npm-cache\3b29e977-ng-npm-cache-flydb-0-0-0-package.lock
24 silly lockFile 3b29e977-ng-npm-cache-flydb-0-0-0-package C:\Users\yangl\AppData\Roaming\npm-cache\flydb\0.0.0\package
25 silly lockFile 3b29e977-ng-npm-cache-flydb-0-0-0-package C:\Users\yangl\AppData\Roaming\npm-cache\flydb\0.0.0\package
26 silly lockFile 3a52ce78- .
27 silly lockFile 3a52ce78- .
28 silly publish { name: 'flydb',
28 silly publish   version: '0.0.0',
28 silly publish   description: 'The fastest slowest db there is',
28 silly publish   main: 'index.js',
28 silly publish   scripts: { test: 'echo "Error: no test specified" && exit 1' },
28 silly publish   repository: { type: 'git', url: 'https://github.com/yangli1990/flydb.git' },
28 silly publish   keywords: [ 'db', 'persistent', 'data' ],
28 silly publish   author: { name: 'Yang Li' },
28 silly publish   license: 'MIT',
28 silly publish   bugs: { url: 'https://github.com/yangli1990/flydb/issues' },
28 silly publish   homepage: 'https://github.com/yangli1990/flydb',
28 silly publish   readme: '# flydb\nthe fastest slowest db there is \n',
28 silly publish   readmeFilename: 'README.md',
28 silly publish   gitHead: '1b5868a5f95169a8fec7a387157e99ffd5a2f3e6',
28 silly publish   _id: 'flydb@0.0.0',
28 silly publish   _shasum: '5d2ac6a3a98ed97f12c0786a79b035b707a92219',
28 silly publish   _from: '.' }
29 verbose request where is /flydb
30 verbose request registry https://registry.npmjs.org/
31 verbose request id 4cf68d494ac1c2d8
32 verbose url raw /flydb
33 verbose url resolving [ 'https://registry.npmjs.org/', './flydb' ]
34 verbose url resolved https://registry.npmjs.org/flydb
35 verbose request where is https://registry.npmjs.org/flydb
36 info trying registry request attempt 1 at 12:48:46
37 http PUT https://registry.npmjs.org/flydb
38 http 403 https://registry.npmjs.org/flydb
39 verbose headers { date: 'Mon, 20 Apr 2015 02:48:47 GMT',
39 verbose headers   server: 'Apache',
39 verbose headers   'content-type': 'application/json',
39 verbose headers   'cache-control': 'max-age=60',
39 verbose headers   'content-length': '95',
39 verbose headers   'accept-ranges': 'bytes',
39 verbose headers   via: '1.1 varnish',
39 verbose headers   'x-served-by': 'cache-akl6421-AKL',
39 verbose headers   'x-cache': 'MISS',
39 verbose headers   'x-cache-hits': '0',
39 verbose headers   'x-timer': 'S1429498126.816424,VS0,VE682',
39 verbose headers   'keep-alive': 'timeout=10, max=50',
39 verbose headers   connection: 'Keep-Alive' }
40 error publish Failed PUT 403
41 error Error: "You cannot publish over the previously published version 0.0.0." : flydb
41 error     at RegClient.<anonymous> (c:\Program Files\nodejs\node_modules\npm\node_modules\npm-registry-client\lib\request.js:308:14)
41 error     at Request._callback (c:\Program Files\nodejs\node_modules\npm\node_modules\npm-registry-client\lib\request.js:246:65)
41 error     at Request.self.callback (c:\Program Files\nodejs\node_modules\npm\node_modules\request\request.js:236:22)
41 error     at Request.emit (events.js:98:17)
41 error     at Request.<anonymous> (c:\Program Files\nodejs\node_modules\npm\node_modules\request\request.js:1142:14)
41 error     at Request.emit (events.js:117:20)
41 error     at IncomingMessage.<anonymous> (c:\Program Files\nodejs\node_modules\npm\node_modules\request\request.js:1096:12)
41 error     at IncomingMessage.emit (events.js:117:20)
41 error     at _stream_readable.js:943:16
41 error     at process._tickCallback (node.js:419:13)
42 error If you need help, you may report this *entire* log,
42 error including the npm and node versions, at:
42 error     <http://github.com/npm/npm/issues>
43 error System Windows_NT 6.2.9200
44 error command "c:\\Program Files\\nodejs\\node.exe" "c:\\Program Files\\nodejs\\node_modules\\npm\\bin\\npm-cli.js" "publish"
45 error cwd c:\Development\flydb
46 error node -v v0.10.33
47 error npm -v 1.4.28
48 verbose exit [ 1, true ]
